<?xml version="1.0" encoding="UTF-8"?>
<testsuite xmlns:xsi="http://www.w3.org/2001/XMLSchema-instance" xsi:noNamespaceSchemaLocation="https://maven.apache.org/surefire/maven-surefire-plugin/xsd/surefire-test-report.xsd" version="3.0.2" name="com.example.admin.AdminApplicationTests" time="9.048" tests="1" errors="0" skipped="0" failures="0">
  <properties>
[...]
</properties>
  <testcase name="contextLoads" classname="com.example.admin.AdminApplicationTests" time="1.25">
    <system-out><![CDATA[08:45:44.828 [main] INFO org.springframework.test.context.support.AnnotationConfigContextLoaderUtils -- Could not detect default configuration classes for test class [com.example.admin.AdminApplicationTests]: AdminApplicationTests does not declare any static, non-private, non-final, nested classes annotated with @Configuration.
08:45:44.972 [main] INFO org.springframework.boot.test.context.SpringBootTestContextBootstrapper -- Found @SpringBootConfiguration com.example.admin.AdminApplication for test class com.example.admin.AdminApplicationTests

  .   ____          _            __ _ _
 /\\ / ___'_ __ _ _(_)_ __  __ _ \ \ \ \
( ( )\___ | '_ | '_| | '_ \/ _` | \ \ \ \
 \\/  ___)| |_)| | | | | || (_| |  ) ) ) )
  '  |____| .__|_| |_|_| |_\__, | / / / /
 =========|_|==============|___/=/_/_/_/

 :: Spring Boot ::                (v3.5.5)

2025-09-16T08:45:45.549+08:00  INFO 17312 --- [admin-service] [           main] c.example.admin.AdminApplicationTests    : Starting AdminApplicationTests using Java 17.0.15 with PID 17312 (started by lenovo in D:\javaproject\lifedemo\Admin)
2025-09-16T08:45:45.551+08:00  INFO 17312 --- [admin-service] [           main] c.example.admin.AdminApplicationTests    : No active profile set, falling back to 1 default profile: "default"
2025-09-16T08:45:47.271+08:00  INFO 17312 --- [admin-service] [           main] c.g.y.a.MybatisPlusJoinAutoConfiguration : MPJ SqlSessionFactory bean definition: sqlSessionFactory factoryBeanName: com.baomidou.mybatisplus.autoconfigure.MybatisPlusAutoConfiguration factoryMethodName: sqlSessionFactory source: com.baomidou.mybatisplus.autoconfigure.MybatisPlusAutoConfiguration.sqlSessionFactory(javax.sql.DataSource)
2025-09-16T08:45:47.506+08:00  INFO 17312 --- [admin-service] [           main] c.g.y.a.MybatisPlusJoinAutoConfiguration : mybatis plus join properties config complete
2025-09-16T08:45:47.689+08:00  INFO 17312 --- [admin-service] [           main] c.g.y.a.MybatisPlusJoinAutoConfiguration : mybatis plus join SqlInjector init
 _ _   |_  _ _|_. ___ _ |    _ 
| | |\/|_)(_| | |_\  |_)||_|_\ 
     /               |         
                        3.5.8-001 
2025-09-16T08:45:51.085+08:00  INFO 17312 --- [admin-service] [           main] r$InitializeUserDetailsManagerConfigurer : Global AuthenticationManager configured with UserDetailsService bean with name adminManage
2025-09-16T08:45:51.856+08:00  INFO 17312 --- [admin-service] [           main] o.s.v.b.OptionalValidatorFactoryBean     : Failed to set up a Bean Validation provider: jakarta.validation.NoProviderFoundException: Unable to create a Configuration, because no Jakarta Bean Validation provider could be found. Add a provider like Hibernate Validator (RI) to your classpath.
 _ _   |_  _ _|_. ___ _ |    _  .  _  .  _  
| | |\/|_)(_| | |_\  |_)||_|_\  | (_) | | | 
     /               |          /
                                    1.5.1
2025-09-16T08:45:52.369+08:00  INFO 17312 --- [admin-service] [           main] c.example.admin.AdminApplicationTests    : Started AdminApplicationTests in 7.199 seconds (process running for 8.517)
]]></system-out>
  </testcase>
</testsuite>